#
# There is insufficient memory for the Java Runtime Environment to continue.
# Native memory allocation (mmap) failed to map 532676608 bytes. Error detail: G1 virtual space
# Possible reasons:
#   The system is out of physical RAM or swap space
#   This process is running with CompressedOops enabled, and the Java Heap may be blocking the growth of the native heap
# Possible solutions:
#   Reduce memory load on the system
#   Increase physical memory or swap space
#   Check if swap backing store is full
#   Decrease Java heap size (-Xmx/-Xms)
#   Decrease number of Java threads
#   Decrease Java thread stack sizes (-Xss)
#   Set larger code cache with -XX:ReservedCodeCacheSize=
#   JVM is running with Zero Based Compressed Oops mode in which the Java heap is
#     placed in the first 32GB address space. The Java Heap base address is the
#     maximum limit for the native heap growth. Please use -XX:HeapBaseMinAddress
#     to set the Java Heap base and to place the Java Heap above 32GB virtual address.
# This output file may be truncated or incomplete.
#
#  Out of Memory Error (os_windows.cpp:3828), pid=6700, tid=26364
#
# JRE version:  (21.0.5) (build )
# Java VM: OpenJDK 64-Bit Server VM (21.0.5+-13047016-b750.29, mixed mode, sharing, tiered, compressed oops, compressed class ptrs, g1 gc, windows-amd64)
# No core dump will be written. Minidumps are not enabled by default on client versions of Windows
#

---------------  S U M M A R Y ------------

Command Line: org.jetbrains.kotlin.cli.jvm.K2JVMCompiler @C:\Users\Payton\AndroidStudioProjects\LiftNotes\app\build\20250311_18008647592765888977.compiler.options

Host: 13th Gen Intel(R) Core(TM) i7-13700, 24 cores, 31G,  Windows 10 , 64 bit Build 19041 (10.0.19041.5438)
Time: Tue Mar 11 21:07:56 2025 Eastern Daylight Time elapsed time: 0.004106 seconds (0d 0h 0m 0s)

---------------  T H R E A D  ---------------

Current thread (0x0000023c04a5f660):  JavaThread "Unknown thread" [_thread_in_vm, id=26364, stack(0x0000004e8f700000,0x0000004e8f800000) (1024K)]

Stack: [0x0000004e8f700000,0x0000004e8f800000]
Native frames: (J=compiled Java code, j=interpreted, Vv=VM code, C=native code)
V  [jvm.dll+0x6cfb29]
V  [jvm.dll+0x85df93]
V  [jvm.dll+0x8604ee]
V  [jvm.dll+0x860bd3]
V  [jvm.dll+0x27e6b6]
V  [jvm.dll+0x6cc385]
V  [jvm.dll+0x6c078a]
V  [jvm.dll+0x35525b]
V  [jvm.dll+0x35ceb6]
V  [jvm.dll+0x3aedd6]
V  [jvm.dll+0x3af0a8]
V  [jvm.dll+0x32792c]
V  [jvm.dll+0x32861b]
V  [jvm.dll+0x8259d9]
V  [jvm.dll+0x3bbfa8]
V  [jvm.dll+0x80ec88]
V  [jvm.dll+0x45015e]
V  [jvm.dll+0x4518c1]
C  [jli.dll+0x52ab]
C  [ucrtbase.dll+0x21bb2]
C  [KERNEL32.DLL+0x17374]
C  [ntdll.dll+0x4cc91]


---------------  P R O C E S S  ---------------

Threads class SMR info:
_java_thread_list=0x00007fff60550808, length=0, elements={
}

Java Threads: ( => current thread )
Total: 0

Other Threads:
  0x0000023c04b054c0 WorkerThread "GC Thread#0"                     [id=7760, stack(0x0000004e8f800000,0x0000004e8f900000) (1024K)]
  0x0000023c04b16410 ConcurrentGCThread "G1 Main Marker"            [id=16292, stack(0x0000004e8f900000,0x0000004e8fa00000) (1024K)]
  0x0000023c04b176b0 WorkerThread "G1 Conc#0"                       [id=32620, stack(0x0000004e8fa00000,0x0000004e8fb00000) (1024K)]

[error occurred during error reporting (printing all threads), id 0xc0000005, EXCEPTION_ACCESS_VIOLATION (0xc0000005) at pc=0x00007fff5fd4a967]
VM state: not at safepoint (not fully initialized)

VM Mutex/Monitor currently owned by a thread:  ([mutex/lock_event])
[0x00007fff605bd460] Heap_lock - owner thread: 0x0000023c04a5f660

Heap address: 0x0000000604000000, size: 8128 MB, Compressed Oops mode: Zero based, Oop shift amount: 3

CDS archive(s) mapped at: [0x0000000000000000-0x0000000000000000-0x0000000000000000), size 0, SharedBaseAddress: 0x0000000800000000, ArchiveRelocationMode: 1.
Narrow klass base: 0x0000000000000000, Narrow klass shift: 0, Narrow klass range: 0x0

GC Precious Log:
 CardTable entry size: 512
 Card Set container configuration: InlinePtr #cards 4 size 8 Array Of Cards #cards 32 size 80 Howl #buckets 8 coarsen threshold 7372 Howl Bitmap #cards 1024 size 144 coarsen threshold 921 Card regions per heap region 1 cards per card region 8192

Heap:
 garbage-first heap   total 0K, used 0K [0x0000000604000000, 0x0000000800000000)
  region size 4096K, 0 young (0K), 0 survivors (0K)
 Metaspace       used 0K, committed 0K, reserved 0K
  class space    used 0K, committed 0K, reserved 0K

Heap Regions: E=young(eden), S=young(survivor), O=old, HS=humongous(starts), HC=humongous(continues), CS=collection set, F=free, TAMS=top-at-mark-start, PB=parsable bottom

Card table byte_map: [0x0000023c18970000,0x0000023c19950000] _byte_map_base: 0x0000023c15950000

Marking Bits: (CMBitMap*) 0x0000023c04b05bc0
 Bits: [0x0000023c19950000, 0x0000023c21850000)

GC Heap History (0 events):
No events

Dll operation events (1 events):
Event: 0.002 Loaded shared library C:\Program Files\Android\Android Studio\jbr\bin\java.dll

Deoptimization events (0 events):
No events

Classes loaded (0 events):
No events

Classes unloaded (0 events):
No events

Classes redefined (0 events):
No events

Internal exceptions (0 events):
No events

ZGC Phase Switch (0 events):
No events

VM Operations (0 events):
No events

Memory protections (0 events):
No events

Nmethod flushes (0 events):
No events

Events (0 events):
No events


Dynamic libraries:
0x00007ff738aa0000 - 0x00007ff738aaa000 	C:\Program Files\Android\Android Studio\jbr\bin\java.exe
0x00007fffe3c10000 - 0x00007fffe3e08000 	C:\WINDOWS\SYSTEM32\ntdll.dll
0x00007fffe1e40000 - 0x00007fffe1f02000 	C:\WINDOWS\System32\KERNEL32.DLL
0x00007fffe1930000 - 0x00007fffe1c2f000 	C:\WINDOWS\System32\KERNELBASE.dll
0x00007fffdd820000 - 0x00007fffdd8b4000 	C:\WINDOWS\SYSTEM32\apphelp.dll
0x00007fffe14c0000 - 0x00007fffe15c0000 	C:\WINDOWS\System32\ucrtbase.dll
0x00007fffd6dd0000 - 0x00007fffd6de8000 	C:\Program Files\Android\Android Studio\jbr\bin\jli.dll
0x00007fffc8760000 - 0x00007fffc877b000 	C:\Program Files\Android\Android Studio\jbr\bin\VCRUNTIME140.dll
0x00007fffe2850000 - 0x00007fffe29ed000 	C:\WINDOWS\System32\USER32.dll
0x00007fffce9c0000 - 0x00007fffcec5a000 	C:\WINDOWS\WinSxS\amd64_microsoft.windows.common-controls_6595b64144ccf1df_6.0.19041.4355_none_60b8b9eb71f62e16\COMCTL32.dll
0x00007fffe12b0000 - 0x00007fffe12d2000 	C:\WINDOWS\System32\win32u.dll
0x00007fffe1c30000 - 0x00007fffe1c5b000 	C:\WINDOWS\System32\GDI32.dll
0x00007fffe3b30000 - 0x00007fffe3bce000 	C:\WINDOWS\System32\msvcrt.dll
0x00007fffe13a0000 - 0x00007fffe14ba000 	C:\WINDOWS\System32\gdi32full.dll
0x00007fffe17d0000 - 0x00007fffe186d000 	C:\WINDOWS\System32\msvcp_win.dll
0x00007fffe1e10000 - 0x00007fffe1e3f000 	C:\WINDOWS\System32\IMM32.DLL
0x00007fffde8d0000 - 0x00007fffde8dc000 	C:\Program Files\Android\Android Studio\jbr\bin\vcruntime140_1.dll
0x00007fffc28a0000 - 0x00007fffc292d000 	C:\Program Files\Android\Android Studio\jbr\bin\msvcp140.dll
0x00007fff5fa10000 - 0x00007fff6069a000 	C:\Program Files\Android\Android Studio\jbr\bin\server\jvm.dll
0x00007fffe2740000 - 0x00007fffe27ef000 	C:\WINDOWS\System32\ADVAPI32.dll
0x00007fffe2ac0000 - 0x00007fffe2b5f000 	C:\WINDOWS\System32\sechost.dll
0x00007fffe3630000 - 0x00007fffe3753000 	C:\WINDOWS\System32\RPCRT4.dll
0x00007fffe1900000 - 0x00007fffe1927000 	C:\WINDOWS\System32\bcrypt.dll
0x00007fffe3ac0000 - 0x00007fffe3b2b000 	C:\WINDOWS\System32\WS2_32.dll
0x00007fffe0840000 - 0x00007fffe088b000 	C:\WINDOWS\SYSTEM32\POWRPROF.dll
0x00007fffd8460000 - 0x00007fffd8487000 	C:\WINDOWS\SYSTEM32\WINMM.dll
0x00007fffda7a0000 - 0x00007fffda7aa000 	C:\WINDOWS\SYSTEM32\VERSION.dll
0x00007fffe06b0000 - 0x00007fffe06c2000 	C:\WINDOWS\SYSTEM32\UMPDC.dll
0x00007fffdf150000 - 0x00007fffdf162000 	C:\WINDOWS\SYSTEM32\kernel.appcore.dll
0x00007fffda5c0000 - 0x00007fffda5ca000 	C:\Program Files\Android\Android Studio\jbr\bin\jimage.dll
0x00007fffd6ab0000 - 0x00007fffd6c94000 	C:\WINDOWS\SYSTEM32\DBGHELP.DLL
0x00007fffb4720000 - 0x00007fffb4754000 	C:\WINDOWS\SYSTEM32\dbgcore.DLL
0x00007fffe1870000 - 0x00007fffe18f2000 	C:\WINDOWS\System32\bcryptPrimitives.dll
0x00007fffc8700000 - 0x00007fffc8720000 	C:\Program Files\Android\Android Studio\jbr\bin\java.dll

dbghelp: loaded successfully - version: 4.0.5 - missing functions: none
symbol engine: initialized successfully - sym options: 0x614 - pdb path: .;C:\Program Files\Android\Android Studio\jbr\bin;C:\WINDOWS\SYSTEM32;C:\WINDOWS\WinSxS\amd64_microsoft.windows.common-controls_6595b64144ccf1df_6.0.19041.4355_none_60b8b9eb71f62e16;C:\Program Files\Android\Android Studio\jbr\bin\server

VM Arguments:
java_command: org.jetbrains.kotlin.cli.jvm.K2JVMCompiler @C:\Users\Payton\AndroidStudioProjects\LiftNotes\app\build\20250311_18008647592765888977.compiler.options
java_class_path (initial): C:\Users\Payton\.gradle\caches\modules-2\files-2.1\org.jetbrains.kotlin\kotlin-compiler-embeddable\2.1.20-RC\b9b5b5bc789b608a94449cc0d39d41febcbf197f\kotlin-compiler-embeddable-2.1.20-RC.jar;C:\Users\Payton\.gradle\caches\modules-2\files-2.1\org.jetbrains.kotlin\kotlin-stdlib\2.1.20-RC\791a250bd5c1878d55ead0800270e2aaa7b1c62c\kotlin-stdlib-2.1.20-RC.jar;C:\Users\Payton\.gradle\caches\modules-2\files-2.1\org.jetbrains.kotlin\kotlin-script-runtime\2.1.20-RC\cd74770bdcb00920ddf6baa2070b38448cd3af27\kotlin-script-runtime-2.1.20-RC.jar;C:\Users\Payton\.gradle\caches\modules-2\files-2.1\org.jetbrains.kotlin\kotlin-reflect\1.6.10\1cbe9c92c12a94eea200d23c2bbaedaf3daf5132\kotlin-reflect-1.6.10.jar;C:\Users\Payton\.gradle\caches\modules-2\files-2.1\org.jetbrains.kotlin\kotlin-daemon-embeddable\2.1.20-RC\da7e7ab38d63b784e2e107f0890ceade55ccc3c2\kotlin-daemon-embeddable-2.1.20-RC.jar;C:\Users\Payton\.gradle\caches\modules-2\files-2.1\org.jetbrains.intellij.deps\trove4j\1.0.20200330\3afb14d5f9ceb459d724e907a21145e8ff394f02\trove4j-1.0.20200330.jar;C:\Users\Payton\.gradle\caches\modules-2\files-2.1\org.jetbrains.kotlinx\kotlinx-coroutines-core-jvm\1.8.0\ac1dc37a30a93150b704022f8d895ee1bd3a36b3\kotlinx-coroutines-core-jvm-1.8.0.jar;C:\Users\Payton\.gradle\caches\modules-2\files-2.1\org.jetbrains\annotations\13.0\919f0dfe192fb4e063e7dacadee7f8bb9a2672a9\annotations-13.0.jar
Launcher Type: SUN_STANDARD

[Global flags]
     intx CICompilerCount                          = 12                                        {product} {ergonomic}
     uint ConcGCThreads                            = 5                                         {product} {ergonomic}
     uint G1ConcRefinementThreads                  = 18                                        {product} {ergonomic}
   size_t G1HeapRegionSize                         = 4194304                                   {product} {ergonomic}
    uintx GCDrainStackTargetSize                   = 64                                        {product} {ergonomic}
   size_t InitialHeapSize                          = 532676608                                 {product} {ergonomic}
   size_t MarkStackSize                            = 4194304                                   {product} {ergonomic}
   size_t MaxHeapSize                              = 8522825728                                {product} {ergonomic}
   size_t MinHeapDeltaBytes                        = 4194304                                   {product} {ergonomic}
   size_t MinHeapSize                              = 8388608                                   {product} {ergonomic}
    uintx NonNMethodCodeHeapSize                   = 7602480                                {pd product} {ergonomic}
    uintx NonProfiledCodeHeapSize                  = 122027880                              {pd product} {ergonomic}
    uintx ProfiledCodeHeapSize                     = 122027880                              {pd product} {ergonomic}
    uintx ReservedCodeCacheSize                    = 251658240                              {pd product} {ergonomic}
     bool SegmentedCodeCache                       = true                                      {product} {ergonomic}
   size_t SoftMaxHeapSize                          = 8522825728                             {manageable} {ergonomic}
     bool UseCompressedOops                        = true                           {product lp64_product} {ergonomic}
     bool UseG1GC                                  = true                                      {product} {ergonomic}
     bool UseLargePagesIndividualAllocation        = false                                  {pd product} {ergonomic}

Logging:
Log output configuration:
 #0: stdout all=warning uptime,level,tags foldmultilines=false
 #1: stderr all=off uptime,level,tags foldmultilines=false

Environment Variables:
JAVA_HOME=C:\Program Files\Android\Android Studio\jbr
PATH=C:\WINDOWS\system32;C:\WINDOWS;C:\WINDOWS\System32\Wbem;C:\WINDOWS\System32\WindowsPowerShell\v1.0\;C:\WINDOWS\System32\OpenSSH\;C:\Program Files (x86)\NVIDIA Corporation\PhysX\Common;C:\Program Files\NVIDIA Corporation\NVIDIA NvDLISR;C:\WINDOWS\system32;C:\WINDOWS;C:\WINDOWS\System32\Wbem;C:\WINDOWS\System32\WindowsPowerShell\v1.0\;C:\WINDOWS\System32\OpenSSH\;C:\Program Files\dotnet\;D:\Documents\Selin\orad;C:\Program Files\Git\cmd;C:\Program Files\Git\bin;C:\Program Files\nodejs\;C:\Users\Payton\AppData\Local\Programs\oh-my-posh\bin\;C:\Users\Payton\AppData\Local\Microsoft\WindowsApps;C:\Users\Payton\AppData\Local\GitHubDesktop\bin;C:\platform-tools;C:\Users\Payton\.dotnet\tools;C:\Users\Payton\AppData\Local\Programs\Microsoft VS Code\bin;D:\Documents\Selin\orad;C:\Program Files\Git\bin;C:\Program Files\Git\cmd;C:\Users\Payton\AppData\Roaming\npm
USERNAME=Payton
OS=Windows_NT
PROCESSOR_IDENTIFIER=Intel64 Family 6 Model 183 Stepping 1, GenuineIntel
TMP=C:\Users\Payton\AppData\Local\Temp
TEMP=C:\Users\Payton\AppData\Local\Temp




Periodic native trim disabled

JNI global refs:
JNI global refs: 0, weak refs: 0

JNI global refs memory usage: 0, weak refs: 0

Process memory usage:
Resident Set Size: 12044K (0% of 33289004K total physical memory with 13890888K free physical memory)

OOME stack traces (most recent first):
Classloader memory used:

---------------  S Y S T E M  ---------------

OS:
 Windows 10 , 64 bit Build 19041 (10.0.19041.5438)
OS uptime: 20 days 5:45 hours

CPU: total 24 (initial active 24) (12 cores per cpu, 2 threads per core) family 6 model 183 stepping 1 microcode 0x10e, cx8, cmov, fxsr, ht, mmx, 3dnowpref, sse, sse2, sse3, ssse3, sse4.1, sse4.2, popcnt, lzcnt, tsc, tscinvbit, avx, avx2, aes, erms, clmul, bmi1, bmi2, adx, sha, fma, vzeroupper, clflush, clflushopt, clwb, serialize, rdtscp, rdpid, fsrm, f16c, pku, cet_ibt, cet_ss
Processor Information for all 24 processors :
  Max Mhz: 2100, Current Mhz: 2100, Mhz Limit: 2100

Memory: 4k page, system-wide physical 32508M (13565M free)
TotalPageFile size 42508M (AvailPageFile size 38M)
current process WorkingSet (physical memory assigned to process): 11M, peak: 11M
current process commit charge ("private bytes"): 81M, peak: 589M

vm_info: OpenJDK 64-Bit Server VM (21.0.5+-13047016-b750.29) for windows-amd64 JRE (21.0.5+-13047016-b750.29), built on 2025-02-11T21:12:39Z by "builder" with MS VC++ 16.10 / 16.11 (VS2019)

END.
